<?xml version="1.0" encoding="UTF-8"?>
<!-- Generated by org.testng.reporters.JUnitXMLReporter -->
<testsuite ignored="0" hostname="DESKTOP-IIVT408" failures="1" tests="8" name="Test" time="59.395" errors="0" timestamp="2024-11-14T12:39:37 IST">
  <testcase classname="sampletest.basic3" name="Varifylogo" time="0.395"/>
  <testcase classname="sampletest.basic3" name="Varifytitle" time="0.015"/>
  <testcase classname="sampletest.basic3" name="failtest" time="0.022">
    <failure type="java.lang.AssertionError" message="expected [true] but found [false]">
      <![CDATA[java.lang.AssertionError: expected [true] but found [false]
at sampletest.basic3.failtest(basic3.java:65)
at java.base/java.util.ArrayList.forEach(ArrayList.java:1541)
... Removed 31 stack frames]]>
    </failure>
  </testcase> <!-- failtest -->
  <testcase classname="sampletest.basic3" name="login" time="17.204"/>
  <testcase classname="sampletest.basic3" name="skiptest" time="0.004">
    <skipped/>
  </testcase> <!-- skiptest -->
  <testcase classname="sampletest.HomePageaTest" name="Varifylogo" time="0.165"/>
  <testcase classname="sampletest.HomePageaTest" name="Varifytitle" time="0.012"/>
  <testcase classname="sampletest.HomePageaTest" name="login" time="16.824"/>
</testsuite> <!-- Test -->
